<?xml version="1.0" encoding="UTF-8"?>
<!-- Generated by org.testng.reporters.JUnitReportReporter -->
<testsuite hostname="FINXL-MEL-LT42" name="com.automationChallenge.cucumber.runner.AutomationChallengeTest" tests="1" failures="0" timestamp="7 May 2019 03:46:28 GMT" time="18.644" errors="0">
  <testcase name="feature" time="18.644" classname="com.automationChallenge.cucumber.runner.AutomationChallengeTest"/>
</testsuite> <!-- com.automationChallenge.cucumber.runner.AutomationChallengeTest -->
